  419049661_ProyectoFinal_GPO08.cpp
D:\Miguel 2022-2\CGEIHC-LAB\ProyectoFinal\419049661_Proyecto_GPO08\ProyectoFinal\ProyectoFinal\419049661_ProyectoFinal_GPO08.cpp(200,30): warning C4244: 'inicializando': conversión de 'double' a 'GLfloat'; posible pérdida de datos
D:\Miguel 2022-2\CGEIHC-LAB\ProyectoFinal\419049661_Proyecto_GPO08\ProyectoFinal\ProyectoFinal\419049661_ProyectoFinal_GPO08.cpp(189,38): warning C4101: 'nrChannels': variable local sin referencia
D:\Miguel 2022-2\CGEIHC-LAB\ProyectoFinal\419049661_Proyecto_GPO08\ProyectoFinal\ProyectoFinal\419049661_ProyectoFinal_GPO08.cpp(189,9): warning C4101: 'textureWidth': variable local sin referencia
D:\Miguel 2022-2\CGEIHC-LAB\ProyectoFinal\419049661_Proyecto_GPO08\ProyectoFinal\ProyectoFinal\419049661_ProyectoFinal_GPO08.cpp(191,20): warning C4101: 'image': variable local sin referencia
D:\Miguel 2022-2\CGEIHC-LAB\ProyectoFinal\419049661_Proyecto_GPO08\ProyectoFinal\ProyectoFinal\419049661_ProyectoFinal_GPO08.cpp(189,23): warning C4101: 'textureHeight': variable local sin referencia
D:\Miguel 2022-2\CGEIHC-LAB\ProyectoFinal\419049661_Proyecto_GPO08\ProyectoFinal\ProyectoFinal\419049661_ProyectoFinal_GPO08.cpp(405,17): warning C4244: '=': conversión de 'double' a 'GLfloat'; posible pérdida de datos
D:\Miguel 2022-2\CGEIHC-LAB\ProyectoFinal\419049661_Proyecto_GPO08\ProyectoFinal\ProyectoFinal\419049661_ProyectoFinal_GPO08.cpp(406,17): warning C4244: '=': conversión de 'double' a 'GLfloat'; posible pérdida de datos
D:\Miguel 2022-2\CGEIHC-LAB\ProyectoFinal\419049661_Proyecto_GPO08\ProyectoFinal\ProyectoFinal\419049661_ProyectoFinal_GPO08.cpp(409,21): warning C4244: 'inicializando': conversión de 'double' a 'GLfloat'; posible pérdida de datos
D:\Miguel 2022-2\CGEIHC-LAB\ProyectoFinal\419049661_Proyecto_GPO08\ProyectoFinal\ProyectoFinal\419049661_ProyectoFinal_GPO08.cpp(410,21): warning C4244: 'inicializando': conversión de 'double' a 'GLfloat'; posible pérdida de datos
D:\Miguel 2022-2\CGEIHC-LAB\ProyectoFinal\419049661_Proyecto_GPO08\ProyectoFinal\ProyectoFinal\419049661_ProyectoFinal_GPO08.cpp(411,13): warning C4244: '=': conversión de 'double' a 'GLfloat'; posible pérdida de datos
D:\Miguel 2022-2\CGEIHC-LAB\ProyectoFinal\419049661_Proyecto_GPO08\ProyectoFinal\ProyectoFinal\419049661_ProyectoFinal_GPO08.cpp(412,13): warning C4244: '=': conversión de 'double' a 'GLfloat'; posible pérdida de datos
soil2-debug.lib(SOIL2.obj) : warning LNK4075: se omite '/EDITANDCONTINUE' debido a la especificación '/OPT:ICF'
LINK : warning LNK4098: la biblioteca predeterminada'MSVCRTD' entra en conflicto con otras bibliotecas; use la biblioteca /NODEFAULTLIB:biblioteca
  Generando código
  Previous IPDB not found, fall back to full compilation.
  All 625 functions were compiled because no usable IPDB/IOBJ from previous compilation was found.
  Generación de código finalizada
soil2-debug.lib(etc1_utils.obj) : warning LNK4099: no se encontró PDB 'soil2-debug.pdb' con 'soil2-debug.lib(etc1_utils.obj)' o en 'D:\Miguel 2022-2\CGEIHC-LAB\ProyectoFinal\419049661_Proyecto_GPO08\ProyectoFinal\Release\soil2-debug.pdb'; se vinculará el objeto sin tener en cuenta información de depuración
soil2-debug.lib(image_DXT.obj) : warning LNK4099: no se encontró PDB 'soil2-debug.pdb' con 'soil2-debug.lib(image_DXT.obj)' o en 'D:\Miguel 2022-2\CGEIHC-LAB\ProyectoFinal\419049661_Proyecto_GPO08\ProyectoFinal\Release\soil2-debug.pdb'; se vinculará el objeto sin tener en cuenta información de depuración
soil2-debug.lib(image_helper.obj) : warning LNK4099: no se encontró PDB 'soil2-debug.pdb' con 'soil2-debug.lib(image_helper.obj)' o en 'D:\Miguel 2022-2\CGEIHC-LAB\ProyectoFinal\419049661_Proyecto_GPO08\ProyectoFinal\Release\soil2-debug.pdb'; se vinculará el objeto sin tener en cuenta información de depuración
soil2-debug.lib(SOIL2.obj) : warning LNK4099: no se encontró PDB 'soil2-debug.pdb' con 'soil2-debug.lib(SOIL2.obj)' o en 'D:\Miguel 2022-2\CGEIHC-LAB\ProyectoFinal\419049661_Proyecto_GPO08\ProyectoFinal\Release\soil2-debug.pdb'; se vinculará el objeto sin tener en cuenta información de depuración
  ProyectoFinal.vcxproj -> D:\Miguel 2022-2\CGEIHC-LAB\ProyectoFinal\419049661_Proyecto_GPO08\ProyectoFinal\Release\ProyectoFinal.exe
